<?xml version="1.0" encoding="UTF-8"?>
<coverage generated="1647979977756" clover="3.2.0">
  <project timestamp="1647979977757" name="All files">
    <metrics statements="19" coveredstatements="14" conditionals="16" coveredconditionals="12" methods="9" coveredmethods="8" elements="44" coveredelements="34" complexity="0" loc="19" ncloc="19" packages="1" files="1" classes="1"/>
    <file name="figuresClasses.ts" path="C:\Users\roman\projects\ts_figures_classes\src\figuresClasses.ts">
      <metrics statements="19" coveredstatements="14" conditionals="16" coveredconditionals="12" methods="9" coveredmethods="8"/>
      <line num="6" count="2" type="cond" truecount="3" falsecount="0"/>
      <line num="21" count="4" type="stmt"/>
      <line num="22" count="4" type="stmt"/>
      <line num="33" count="2" type="stmt"/>
      <line num="35" count="2" type="cond" truecount="4" falsecount="1"/>
      <line num="36" count="0" type="stmt"/>
      <line num="39" count="2" type="cond" truecount="1" falsecount="1"/>
      <line num="40" count="2" type="stmt"/>
      <line num="45" count="0" type="stmt"/>
      <line num="47" count="0" type="stmt"/>
      <line num="56" count="1" type="stmt"/>
      <line num="58" count="1" type="cond" truecount="1" falsecount="1"/>
      <line num="59" count="0" type="stmt"/>
      <line num="64" count="1" type="stmt"/>
      <line num="74" count="1" type="stmt"/>
      <line num="76" count="1" type="cond" truecount="3" falsecount="1"/>
      <line num="77" count="0" type="stmt"/>
      <line num="82" count="1" type="stmt"/>
      <line num="87" count="2" type="stmt"/>
    </file>
  </project>
</coverage>
