TN:
SF:C:\Users\roman\projects\ts_figures_classes\src\figuresClasses.ts
FN:5,checkSide
FN:17,(anonymous_1)
FN:27,(anonymous_2)
FN:44,(anonymous_3)
FN:52,(anonymous_4)
FN:63,(anonymous_5)
FN:69,(anonymous_6)
FN:81,(anonymous_7)
FN:86,getInfo
FNF:9
FNH:8
FNDA:2,checkSide
FNDA:4,(anonymous_1)
FNDA:2,(anonymous_2)
FNDA:0,(anonymous_3)
FNDA:1,(anonymous_4)
FNDA:1,(anonymous_5)
FNDA:1,(anonymous_6)
FNDA:1,(anonymous_7)
FNDA:2,getInfo
DA:6,2
DA:21,4
DA:22,4
DA:33,2
DA:35,2
DA:36,0
DA:39,2
DA:40,2
DA:45,0
DA:47,0
DA:56,1
DA:58,1
DA:59,0
DA:64,1
DA:74,1
DA:76,1
DA:77,0
DA:82,1
DA:87,2
LF:19
LH:14
BRDA:6,0,0,2
BRDA:6,0,1,2
BRDA:6,0,2,2
BRDA:35,1,0,0
BRDA:35,1,1,2
BRDA:35,2,0,2
BRDA:35,2,1,2
BRDA:35,2,2,2
BRDA:39,3,0,2
BRDA:39,3,1,0
BRDA:58,4,0,0
BRDA:58,4,1,1
BRDA:76,5,0,0
BRDA:76,5,1,1
BRDA:76,6,0,1
BRDA:76,6,1,1
BRF:16
BRH:12
end_of_record
