TN:
SF:src/figuresClasses.ts
FN:19,(anonymous_0)
FN:31,(anonymous_1)
FN:45,(anonymous_2)
FN:50,(anonymous_3)
FN:64,(anonymous_4)
FN:71,(anonymous_5)
FN:76,getInfo
FNF:7
FNH:1
FNDA:1,(anonymous_0)
FNDA:0,(anonymous_1)
FNDA:0,(anonymous_2)
FNDA:0,(anonymous_3)
FNDA:0,(anonymous_4)
FNDA:0,(anonymous_5)
FNDA:0,getInfo
DA:25,1
DA:26,1
DA:27,1
DA:28,1
DA:32,0
DA:34,0
DA:46,0
DA:47,0
DA:51,0
DA:65,0
DA:66,0
DA:68,0
DA:72,0
DA:77,0
DA:79,0
DA:81,0
DA:83,0
DA:85,0
LF:18
LH:4
BRDA:77,0,0,0
BRDA:77,0,1,0
BRDA:77,0,2,0
BRDA:77,0,3,0
BRF:4
BRH:0
end_of_record
